* using log directory ‘/Users/gcaravagna/Documents/GitHub/VIBER/check/VIBER.Rcheck’
* using R version 4.0.2 (2020-06-22)
* using platform: x86_64-apple-darwin17.0 (64-bit)
* using session charset: UTF-8
* using option ‘--no-manual’
* checking for file ‘VIBER/DESCRIPTION’ ... OK
* checking extension type ... Package
* this is package ‘VIBER’ version ‘0.1.0’
* package encoding: UTF-8
* checking package namespace information ... OK
* checking package dependencies ... OK
* checking if this is a source package ... OK
* checking if there is a namespace ... OK
* checking for executable files ... OK
* checking for hidden files and directories ... OK
* checking for portable file names ... OK
* checking for sufficient/correct file permissions ... OK
* checking whether package ‘VIBER’ can be installed ... WARNING
Found the following significant warnings:
  Warning: replacing previous import ‘cli::num_ansi_colors’ by ‘crayon::num_ansi_colors’ when loading ‘VIBER’
  Warning: replacing previous import ‘crayon::%+%’ by ‘ggplot2::%+%’ when loading ‘VIBER’
See ‘/Users/gcaravagna/Documents/GitHub/VIBER/check/VIBER.Rcheck/00install.out’ for details.
* checking installed package size ... OK
* checking package directory ... OK
* checking ‘build’ directory ... OK
* checking DESCRIPTION meta-information ... OK
* checking top-level files ... OK
* checking for left-over files ... OK
* checking index information ... OK
* checking package subdirectories ... OK
* checking R files for non-ASCII characters ... OK
* checking R files for syntax errors ... OK
* checking whether the package can be loaded ... OK
* checking whether the package can be loaded with stated dependencies ... OK
* checking whether the package can be unloaded cleanly ... OK
* checking whether the namespace can be loaded with stated dependencies ... OK
* checking whether the namespace can be unloaded cleanly ... OK
* checking dependencies in R code ... WARNING
'::' or ':::' import not declared from: ‘ctree’
There are ::: calls to the package's namespace in its code. A package
  almost never needs to use ::: for its own objects:
  ‘add_color_pl’ ‘add_fill_pl’ ‘get_2D_points’
  ‘latent_vars_hard_assignments’ ‘my_ggplot_theme’
* checking S3 generic/method consistency ... WARNING
print:
  function(x, ...)
print.vb_bmm:
  function(object, ...)

print:
  function(x, ...)
print.vb_bmm:
  function(object, ...)

See section ‘Generic functions and methods’ in the ‘Writing R
Extensions’ manual.
* checking replacement functions ... OK
* checking foreign function calls ... OK
* checking R code for possible problems ... NOTE
add_fill_pl: no visible binding for global variable ‘cluster.Binomial’
choose_clusters: no visible binding for global variable ‘F1’
choose_clusters: no visible binding for global variable ‘F2’
choose_clusters: no visible binding for global variable ‘accepted’
choose_clusters: no visible binding for global variable ‘new.labels’
choose_clusters: no visible binding for global variable
  ‘cluster.Binomial’
get_clone_trees: no visible binding for global variable ‘driver’
get_clone_trees: no visible binding for global variable ‘cluster’
get_clone_trees: no visible binding for global variable ‘gene’
get_clone_trees: no visible binding for global variable ‘is.clonal’
get_clone_trees: no visible binding for global variable ‘variantID’
get_clone_trees: no visible binding for global variable ‘is.driver’
initial_condition_Binomial_kmeans: no visible global function
  definition for ‘kmeans’
initial_condition_Binomial_kmeans: no visible binding for global
  variable ‘cluster.kmeans’
initial_condition_Binomial_kmeans: no visible binding for global
  variable ‘variable’
initial_condition_Binomial_kmeans: no visible global function
  definition for ‘var’
initial_condition_Binomial_kmeans: no visible binding for global
  variable ‘value’
initial_condition_Binomial_kmeans: no visible global function
  definition for ‘spread’
initial_condition_Binomial_kmeans: no visible global function
  definition for ‘runif’
initial_condition_Binomial_kmeans : extr: no visible global function
  definition for ‘runif’
plot.vb_bmm: no visible binding for global variable ‘cluster.Binomial’
plot.vb_bmm: no visible global function definition for ‘combn’
plot_2D: no visible binding for global variable ‘b1’
plot_2D: no visible binding for global variable ‘b2’
plot_2D: no visible binding for global variable ‘cluster.Binomial’
plot_ELBO: no visible binding for global variable ‘step’
plot_latent_variables: no visible binding for global variable
  ‘Cluss_ass’
plot_latent_variables: no visible binding for global variable
  ‘uncertainty’
plot_latent_variables: no visible binding for global variable ‘Cluster’
plot_latent_variables: no visible binding for global variable ‘Point’
plot_latent_variables: no visible binding for global variable ‘Value’
plot_mixing_proportions: no visible binding for global variable
  ‘cluster’
plot_mixing_proportions: no visible binding for global variable
  ‘proportion’
plot_peaks: no visible binding for global variable ‘Dimension’
plot_peaks: no visible binding for global variable ‘peak’
plot_peaks: no visible binding for global variable ‘cluster’
plot_peaks: no visible binding for global variable ‘proportion’
vb_bmm_MV: no visible global function definition for ‘runif’
vb_bmm_MV: no visible global function definition for ‘flush.console’
Undefined global functions or variables:
  Cluss_ass Cluster Dimension F1 F2 Point Value accepted b1 b2 cluster
  cluster.Binomial cluster.kmeans combn driver flush.console gene
  is.clonal is.driver kmeans new.labels peak proportion runif spread
  step uncertainty value var variable variantID
Consider adding
  importFrom("stats", "kmeans", "runif", "step", "var")
  importFrom("utils", "combn", "flush.console")
to your NAMESPACE file.
* checking Rd files ... NOTE
prepare_Rd: plot_2D.Rd:56-58: Dropping empty section \examples
* checking Rd metadata ... OK
* checking Rd cross-references ... OK
* checking for missing documentation entries ... OK
* checking for code/documentation mismatches ... OK
* checking Rd \usage sections ... WARNING
Undocumented arguments in documentation object 'plot_2D'
  ‘cut_zeroes’
Documented arguments not in \usage in documentation object 'plot_2D':
  ‘cut_zeros’

Undocumented arguments in documentation object 'variational_fit'
  ‘description’

Functions with \usage entries need to have the appropriate \alias
entries, and all their arguments documented.
The \usage entries must correspond to syntactically valid R code.
See chapter ‘Writing R documentation files’ in the ‘Writing R
Extensions’ manual.
* checking Rd contents ... OK
* checking for unstated dependencies in examples ... WARNING
'::' or ':::' import not declared from: ‘ctree’
* checking contents of ‘data’ directory ... OK
* checking data for non-ASCII characters ... OK
* checking data for ASCII and uncompressed saves ... OK
* checking installed files from ‘inst/doc’ ... OK
* checking files in ‘vignettes’ ... OK
* checking examples ... OK
* checking for unstated dependencies in vignettes ... NOTE
'library' or 'require' call not declared from: ‘tidyverse’
* checking package vignettes in ‘inst/doc’ ... OK
* checking running R code from vignettes ... NONE
  ‘VIBER.Rmd’ using ‘UTF-8’... OK
* checking re-building of vignette outputs ... OK
* DONE
Status: 5 WARNINGs, 3 NOTEs
