* installing *source* package ‘VIBER’ ...
** using staged installation
** R
** data
*** moving datasets to lazyload DB
** inst
** byte-compile and prepare package for lazy loading
Warning: replacing previous import ‘cli::num_ansi_colors’ by ‘crayon::num_ansi_colors’ when loading ‘VIBER’
** help
*** installing help indices
*** copying figures
** building package indices
** installing vignettes
** testing if installed package can be loaded from temporary location
Warning: replacing previous import ‘cli::num_ansi_colors’ by ‘crayon::num_ansi_colors’ when loading ‘VIBER’
Warning: replacing previous import ‘Biostrings::translate’ by ‘seqinr::translate’ when loading ‘dndscv’
✓ Loading VIBER, 'Variational inference for multivariate Binomial mixtures'. Support : <https://caravagn.github.io/VIBER/>
** testing if installed package can be loaded from final location
Warning: replacing previous import ‘cli::num_ansi_colors’ by ‘crayon::num_ansi_colors’ when loading ‘VIBER’
Warning: replacing previous import ‘Biostrings::translate’ by ‘seqinr::translate’ when loading ‘dndscv’
✓ Loading VIBER, 'Variational inference for multivariate Binomial mixtures'. Support : <https://caravagn.github.io/VIBER/>
** testing if installed package keeps a record of temporary installation path
* DONE (VIBER)
